{"/home/majortom/repos/gdalClip/src/gdalFuncs.js": {"path":"/home/majortom/repos/gdalClip/src/gdalFuncs.js","statementMap":{"0":{"start":{"line":1,"column":13},"end":{"line":1,"column":28}},"1":{"start":{"line":2,"column":13},"end":{"line":2,"column":28}},"2":{"start":{"line":4,"column":21},"end":{"line":20,"column":1}},"3":{"start":{"line":5,"column":2},"end":{"line":7,"column":3}},"4":{"start":{"line":6,"column":4},"end":{"line":6,"column":67}},"5":{"start":{"line":9,"column":25},"end":{"line":9,"column":49}},"6":{"start":{"line":10,"column":26},"end":{"line":10,"column":51}},"7":{"start":{"line":11,"column":2},"end":{"line":11,"column":94}},"8":{"start":{"line":11,"column":42},"end":{"line":11,"column":94}},"9":{"start":{"line":12,"column":27},"end":{"line":12,"column":54}},"10":{"start":{"line":13,"column":23},"end":{"line":16,"column":23}},"11":{"start":{"line":17,"column":2},"end":{"line":19,"column":3}},"12":{"start":{"line":18,"column":4},"end":{"line":18,"column":65}},"13":{"start":{"line":22,"column":17},"end":{"line":22,"column":60}},"14":{"start":{"line":22,"column":28},"end":{"line":22,"column":60}},"15":{"start":{"line":24,"column":19},"end":{"line":24,"column":51}},"16":{"start":{"line":24,"column":28},"end":{"line":24,"column":51}},"17":{"start":{"line":26,"column":20},"end":{"line":59,"column":1}},"18":{"start":{"line":27,"column":15},"end":{"line":27,"column":29}},"19":{"start":{"line":28,"column":20},"end":{"line":28,"column":57}},"20":{"start":{"line":29,"column":21},"end":{"line":29,"column":64}},"21":{"start":{"line":30,"column":19},"end":{"line":30,"column":86}},"22":{"start":{"line":31,"column":28},"end":{"line":31,"column":50}},"23":{"start":{"line":32,"column":29},"end":{"line":37,"column":4}},"24":{"start":{"line":33,"column":4},"end":{"line":35,"column":5}},"25":{"start":{"line":33,"column":43},"end":{"line":33,"column":66}},"26":{"start":{"line":34,"column":6},"end":{"line":34,"column":47}},"27":{"start":{"line":36,"column":4},"end":{"line":36,"column":17}},"28":{"start":{"line":38,"column":24},"end":{"line":41,"column":3}},"29":{"start":{"line":43,"column":21},"end":{"line":54,"column":3}},"30":{"start":{"line":44,"column":4},"end":{"line":53,"column":5}},"31":{"start":{"line":45,"column":6},"end":{"line":52,"column":7}},"32":{"start":{"line":46,"column":32},"end":{"line":46,"column":58}},"33":{"start":{"line":47,"column":8},"end":{"line":47,"column":47}},"34":{"start":{"line":49,"column":32},"end":{"line":49,"column":72}},"35":{"start":{"line":50,"column":8},"end":{"line":50,"column":63}},"36":{"start":{"line":51,"column":8},"end":{"line":51,"column":47}},"37":{"start":{"line":55,"column":2},"end":{"line":55,"column":61}},"38":{"start":{"line":56,"column":2},"end":{"line":56,"column":63}},"39":{"start":{"line":58,"column":2},"end":{"line":58,"column":37}},"40":{"start":{"line":61,"column":21},"end":{"line":113,"column":1}},"41":{"start":{"line":62,"column":22},"end":{"line":62,"column":41}},"42":{"start":{"line":63,"column":2},"end":{"line":110,"column":5}},"43":{"start":{"line":64,"column":21},"end":{"line":67,"column":18}},"44":{"start":{"line":68,"column":4},"end":{"line":68,"column":43}},"45":{"start":{"line":69,"column":25},"end":{"line":69,"column":45}},"46":{"start":{"line":70,"column":4},"end":{"line":109,"column":7}},"47":{"start":{"line":71,"column":26},"end":{"line":71,"column":90}},"48":{"start":{"line":72,"column":6},"end":{"line":108,"column":7}},"49":{"start":{"line":73,"column":8},"end":{"line":107,"column":9}},"50":{"start":{"line":74,"column":10},"end":{"line":90,"column":11}},"51":{"start":{"line":75,"column":28},"end":{"line":75,"column":54}},"52":{"start":{"line":76,"column":12},"end":{"line":76,"column":43}},"53":{"start":{"line":77,"column":12},"end":{"line":79,"column":13}},"54":{"start":{"line":78,"column":14},"end":{"line":78,"column":72}},"55":{"start":{"line":80,"column":12},"end":{"line":88,"column":13}},"56":{"start":{"line":81,"column":14},"end":{"line":87,"column":15}},"57":{"start":{"line":82,"column":16},"end":{"line":82,"column":75}},"58":{"start":{"line":84,"column":35},"end":{"line":84,"column":55}},"59":{"start":{"line":85,"column":36},"end":{"line":85,"column":80}},"60":{"start":{"line":86,"column":16},"end":{"line":86,"column":60}},"61":{"start":{"line":89,"column":12},"end":{"line":89,"column":43}},"62":{"start":{"line":92,"column":26},"end":{"line":92,"column":52}},"63":{"start":{"line":93,"column":10},"end":{"line":93,"column":43}},"64":{"start":{"line":94,"column":10},"end":{"line":96,"column":11}},"65":{"start":{"line":95,"column":12},"end":{"line":95,"column":70}},"66":{"start":{"line":97,"column":10},"end":{"line":105,"column":11}},"67":{"start":{"line":98,"column":12},"end":{"line":104,"column":13}},"68":{"start":{"line":99,"column":14},"end":{"line":99,"column":73}},"69":{"start":{"line":101,"column":33},"end":{"line":101,"column":53}},"70":{"start":{"line":102,"column":34},"end":{"line":102,"column":78}},"71":{"start":{"line":103,"column":14},"end":{"line":103,"column":58}},"72":{"start":{"line":106,"column":10},"end":{"line":106,"column":41}},"73":{"start":{"line":111,"column":2},"end":{"line":111,"column":19}},"74":{"start":{"line":112,"column":2},"end":{"line":112,"column":18}},"75":{"start":{"line":115,"column":20},"end":{"line":138,"column":1}},"76":{"start":{"line":116,"column":15},"end":{"line":116,"column":30}},"77":{"start":{"line":117,"column":20},"end":{"line":117,"column":87}},"78":{"start":{"line":118,"column":21},"end":{"line":118,"column":61}},"79":{"start":{"line":119,"column":22},"end":{"line":119,"column":73}},"80":{"start":{"line":120,"column":2},"end":{"line":122,"column":3}},"81":{"start":{"line":121,"column":4},"end":{"line":121,"column":63}},"82":{"start":{"line":124,"column":23},"end":{"line":124,"column":51}},"83":{"start":{"line":125,"column":2},"end":{"line":133,"column":3}},"84":{"start":{"line":126,"column":26},"end":{"line":126,"column":55}},"85":{"start":{"line":127,"column":4},"end":{"line":127,"column":60}},"86":{"start":{"line":128,"column":4},"end":{"line":130,"column":5}},"87":{"start":{"line":129,"column":6},"end":{"line":129,"column":82}},"88":{"start":{"line":131,"column":4},"end":{"line":131,"column":44}},"89":{"start":{"line":132,"column":4},"end":{"line":132,"column":49}},"90":{"start":{"line":135,"column":2},"end":{"line":135,"column":22}},"91":{"start":{"line":136,"column":2},"end":{"line":136,"column":21}},"92":{"start":{"line":137,"column":2},"end":{"line":137,"column":20}},"93":{"start":{"line":140,"column":0},"end":{"line":140,"column":36}},"94":{"start":{"line":141,"column":0},"end":{"line":141,"column":28}},"95":{"start":{"line":142,"column":0},"end":{"line":142,"column":34}},"96":{"start":{"line":143,"column":0},"end":{"line":143,"column":36}},"97":{"start":{"line":144,"column":0},"end":{"line":144,"column":34}}},"fnMap":{"0":{"name":"(anonymous_0)","decl":{"start":{"line":4,"column":21},"end":{"line":4,"column":22}},"loc":{"start":{"line":4,"column":50},"end":{"line":20,"column":1}},"line":4},"1":{"name":"(anonymous_1)","decl":{"start":{"line":22,"column":17},"end":{"line":22,"column":18}},"loc":{"start":{"line":22,"column":28},"end":{"line":22,"column":60}},"line":22},"2":{"name":"(anonymous_2)","decl":{"start":{"line":24,"column":19},"end":{"line":24,"column":20}},"loc":{"start":{"line":24,"column":28},"end":{"line":24,"column":51}},"line":24},"3":{"name":"(anonymous_3)","decl":{"start":{"line":26,"column":20},"end":{"line":26,"column":21}},"loc":{"start":{"line":26,"column":59},"end":{"line":59,"column":1}},"line":26},"4":{"name":"(anonymous_4)","decl":{"start":{"line":32,"column":57},"end":{"line":32,"column":58}},"loc":{"start":{"line":32,"column":66},"end":{"line":37,"column":3}},"line":32},"5":{"name":"(anonymous_5)","decl":{"start":{"line":33,"column":30},"end":{"line":33,"column":31}},"loc":{"start":{"line":33,"column":43},"end":{"line":33,"column":66}},"line":33},"6":{"name":"(anonymous_6)","decl":{"start":{"line":43,"column":21},"end":{"line":43,"column":22}},"loc":{"start":{"line":43,"column":55},"end":{"line":54,"column":3}},"line":43},"7":{"name":"(anonymous_7)","decl":{"start":{"line":61,"column":21},"end":{"line":61,"column":22}},"loc":{"start":{"line":61,"column":85},"end":{"line":113,"column":1}},"line":61},"8":{"name":"(anonymous_8)","decl":{"start":{"line":63,"column":22},"end":{"line":63,"column":23}},"loc":{"start":{"line":63,"column":36},"end":{"line":110,"column":3}},"line":63},"9":{"name":"(anonymous_9)","decl":{"start":{"line":70,"column":25},"end":{"line":70,"column":26}},"loc":{"start":{"line":70,"column":40},"end":{"line":109,"column":5}},"line":70},"10":{"name":"(anonymous_10)","decl":{"start":{"line":115,"column":20},"end":{"line":115,"column":21}},"loc":{"start":{"line":115,"column":73},"end":{"line":138,"column":1}},"line":115}},"branchMap":{"0":{"loc":{"start":{"line":5,"column":2},"end":{"line":7,"column":3}},"type":"if","locations":[{"start":{"line":5,"column":2},"end":{"line":7,"column":3}},{"start":{"line":5,"column":2},"end":{"line":7,"column":3}}],"line":5},"1":{"loc":{"start":{"line":5,"column":6},"end":{"line":5,"column":89}},"type":"binary-expr","locations":[{"start":{"line":5,"column":6},"end":{"line":5,"column":45}},{"start":{"line":5,"column":49},"end":{"line":5,"column":89}}],"line":5},"2":{"loc":{"start":{"line":11,"column":2},"end":{"line":11,"column":94}},"type":"if","locations":[{"start":{"line":11,"column":2},"end":{"line":11,"column":94}},{"start":{"line":11,"column":2},"end":{"line":11,"column":94}}],"line":11},"3":{"loc":{"start":{"line":17,"column":2},"end":{"line":19,"column":3}},"type":"if","locations":[{"start":{"line":17,"column":2},"end":{"line":19,"column":3}},{"start":{"line":17,"column":2},"end":{"line":19,"column":3}}],"line":17},"4":{"loc":{"start":{"line":33,"column":4},"end":{"line":35,"column":5}},"type":"if","locations":[{"start":{"line":33,"column":4},"end":{"line":35,"column":5}},{"start":{"line":33,"column":4},"end":{"line":35,"column":5}}],"line":33},"5":{"loc":{"start":{"line":45,"column":6},"end":{"line":52,"column":7}},"type":"if","locations":[{"start":{"line":45,"column":6},"end":{"line":52,"column":7}},{"start":{"line":45,"column":6},"end":{"line":52,"column":7}}],"line":45},"6":{"loc":{"start":{"line":72,"column":6},"end":{"line":108,"column":7}},"type":"if","locations":[{"start":{"line":72,"column":6},"end":{"line":108,"column":7}},{"start":{"line":72,"column":6},"end":{"line":108,"column":7}}],"line":72},"7":{"loc":{"start":{"line":73,"column":8},"end":{"line":107,"column":9}},"type":"if","locations":[{"start":{"line":73,"column":8},"end":{"line":107,"column":9}},{"start":{"line":73,"column":8},"end":{"line":107,"column":9}}],"line":73},"8":{"loc":{"start":{"line":81,"column":14},"end":{"line":87,"column":15}},"type":"if","locations":[{"start":{"line":81,"column":14},"end":{"line":87,"column":15}},{"start":{"line":81,"column":14},"end":{"line":87,"column":15}}],"line":81},"9":{"loc":{"start":{"line":98,"column":12},"end":{"line":104,"column":13}},"type":"if","locations":[{"start":{"line":98,"column":12},"end":{"line":104,"column":13}},{"start":{"line":98,"column":12},"end":{"line":104,"column":13}}],"line":98}},"s":{"0":1,"1":1,"2":1,"3":4,"4":0,"5":4,"6":4,"7":4,"8":0,"9":4,"10":4,"11":4,"12":1,"13":1,"14":6,"15":1,"16":6,"17":1,"18":3,"19":3,"20":3,"21":3,"22":3,"23":3,"24":10,"25":40,"26":4,"27":6,"28":3,"29":3,"30":6,"31":22,"32":18,"33":18,"34":4,"35":4,"36":4,"37":3,"38":3,"39":3,"40":1,"41":3,"42":3,"43":9,"44":9,"45":9,"46":9,"47":130,"48":130,"49":100,"50":6,"51":13,"52":13,"53":13,"54":52,"55":13,"56":54,"57":42,"58":12,"59":12,"60":12,"61":13,"62":94,"63":94,"64":94,"65":376,"66":94,"67":488,"68":450,"69":38,"70":38,"71":38,"72":94,"73":3,"74":3,"75":1,"76":3,"77":3,"78":3,"79":3,"80":3,"81":22,"82":3,"83":3,"84":107,"85":107,"86":107,"87":970,"88":107,"89":107,"90":3,"91":3,"92":3,"93":1,"94":1,"95":1,"96":1,"97":1},"f":{"0":4,"1":6,"2":6,"3":3,"4":10,"5":40,"6":6,"7":3,"8":9,"9":130,"10":3},"b":{"0":[0,4],"1":[4,4],"2":[0,4],"3":[1,3],"4":[4,6],"5":[18,4],"6":[100,30],"7":[6,94],"8":[42,12],"9":[450,38]},"_coverageSchema":"332fd63041d2c1bcb487cc26dd0d5f7d97098a6c","hash":"bfcd5f4f2ff3d6e7a1fb98bb8547c0b3907ac80b"}
,"/home/majortom/repos/gdalClip/src/index.js": {"path":"/home/majortom/repos/gdalClip/src/index.js","statementMap":{"0":{"start":{"line":1,"column":18},"end":{"line":1,"column":40}},"1":{"start":{"line":2,"column":26},"end":{"line":2,"column":54}},"2":{"start":{"line":3,"column":13},"end":{"line":3,"column":28}},"3":{"start":{"line":5,"column":20},"end":{"line":62,"column":1}},"4":{"start":{"line":11,"column":2},"end":{"line":61,"column":3}},"5":{"start":{"line":12,"column":4},"end":{"line":12,"column":53}},"6":{"start":{"line":13,"column":30},"end":{"line":15,"column":5}},"7":{"start":{"line":16,"column":30},"end":{"line":18,"column":5}},"8":{"start":{"line":20,"column":21},"end":{"line":20,"column":74}},"9":{"start":{"line":23,"column":4},"end":{"line":42,"column":5}},"10":{"start":{"line":26,"column":8},"end":{"line":26,"column":21}},"11":{"start":{"line":27,"column":8},"end":{"line":27,"column":29}},"12":{"start":{"line":28,"column":8},"end":{"line":28,"column":14}},"13":{"start":{"line":32,"column":8},"end":{"line":32,"column":21}},"14":{"start":{"line":33,"column":8},"end":{"line":33,"column":27}},"15":{"start":{"line":34,"column":8},"end":{"line":34,"column":14}},"16":{"start":{"line":37,"column":8},"end":{"line":37,"column":21}},"17":{"start":{"line":38,"column":8},"end":{"line":38,"column":32}},"18":{"start":{"line":39,"column":8},"end":{"line":39,"column":14}},"19":{"start":{"line":41,"column":8},"end":{"line":41,"column":50}},"20":{"start":{"line":44,"column":40},"end":{"line":48,"column":5}},"21":{"start":{"line":50,"column":24},"end":{"line":56,"column":5}},"22":{"start":{"line":58,"column":4},"end":{"line":58,"column":82}},"23":{"start":{"line":60,"column":4},"end":{"line":60,"column":23}},"24":{"start":{"line":64,"column":0},"end":{"line":64,"column":34}}},"fnMap":{"0":{"name":"(anonymous_0)","decl":{"start":{"line":5,"column":20},"end":{"line":5,"column":21}},"loc":{"start":{"line":10,"column":5},"end":{"line":62,"column":1}},"line":10}},"branchMap":{"0":{"loc":{"start":{"line":8,"column":2},"end":{"line":8,"column":55}},"type":"default-arg","locations":[{"start":{"line":8,"column":15},"end":{"line":8,"column":55}}],"line":8},"1":{"loc":{"start":{"line":9,"column":2},"end":{"line":9,"column":33}},"type":"default-arg","locations":[{"start":{"line":9,"column":17},"end":{"line":9,"column":33}}],"line":9},"2":{"loc":{"start":{"line":23,"column":4},"end":{"line":42,"column":5}},"type":"switch","locations":[{"start":{"line":24,"column":6},"end":{"line":24,"column":26}},{"start":{"line":25,"column":6},"end":{"line":29,"column":7}},{"start":{"line":30,"column":6},"end":{"line":30,"column":19}},{"start":{"line":31,"column":6},"end":{"line":34,"column":14}},{"start":{"line":35,"column":6},"end":{"line":35,"column":24}},{"start":{"line":36,"column":6},"end":{"line":39,"column":14}},{"start":{"line":40,"column":6},"end":{"line":41,"column":50}}],"line":23}},"s":{"0":1,"1":1,"2":1,"3":1,"4":4,"5":4,"6":3,"7":3,"8":3,"9":3,"10":1,"11":1,"12":1,"13":1,"14":1,"15":1,"16":1,"17":1,"18":1,"19":0,"20":3,"21":3,"22":3,"23":1,"24":1},"f":{"0":4},"b":{"0":[0],"1":[0],"2":[0,1,1,1,1,1,0]},"_coverageSchema":"332fd63041d2c1bcb487cc26dd0d5f7d97098a6c","hash":"2f65ef25e5cb5d9fb1a5e4fbf9acd14b2355133c"}
}
