TN:
SF:/home/majortom/repos/gdalClip/src/gdalFuncs.js
FN:4,(anonymous_0)
FN:22,(anonymous_1)
FN:24,(anonymous_2)
FN:26,(anonymous_3)
FN:32,(anonymous_4)
FN:33,(anonymous_5)
FN:43,(anonymous_6)
FN:61,(anonymous_7)
FN:63,(anonymous_8)
FN:70,(anonymous_9)
FN:115,(anonymous_10)
FNF:11
FNH:11
FNDA:4,(anonymous_0)
FNDA:6,(anonymous_1)
FNDA:6,(anonymous_2)
FNDA:3,(anonymous_3)
FNDA:10,(anonymous_4)
FNDA:40,(anonymous_5)
FNDA:6,(anonymous_6)
FNDA:3,(anonymous_7)
FNDA:9,(anonymous_8)
FNDA:130,(anonymous_9)
FNDA:3,(anonymous_10)
DA:1,1
DA:2,1
DA:4,1
DA:5,4
DA:6,0
DA:9,4
DA:10,4
DA:11,4
DA:12,4
DA:13,4
DA:17,4
DA:18,1
DA:22,6
DA:24,6
DA:26,1
DA:27,3
DA:28,3
DA:29,3
DA:30,3
DA:31,3
DA:32,3
DA:33,40
DA:34,4
DA:36,6
DA:38,3
DA:43,3
DA:44,6
DA:45,22
DA:46,18
DA:47,18
DA:49,4
DA:50,4
DA:51,4
DA:55,3
DA:56,3
DA:58,3
DA:61,1
DA:62,3
DA:63,3
DA:64,9
DA:68,9
DA:69,9
DA:70,9
DA:71,130
DA:72,130
DA:73,100
DA:74,6
DA:75,13
DA:76,13
DA:77,13
DA:78,52
DA:80,13
DA:81,54
DA:82,42
DA:84,12
DA:85,12
DA:86,12
DA:89,13
DA:92,94
DA:93,94
DA:94,94
DA:95,376
DA:97,94
DA:98,488
DA:99,450
DA:101,38
DA:102,38
DA:103,38
DA:106,94
DA:111,3
DA:112,3
DA:115,1
DA:116,3
DA:117,3
DA:118,3
DA:119,3
DA:120,3
DA:121,22
DA:124,3
DA:125,3
DA:126,107
DA:127,107
DA:128,107
DA:129,970
DA:131,107
DA:132,107
DA:135,3
DA:136,3
DA:137,3
DA:140,1
DA:141,1
DA:142,1
DA:143,1
DA:144,1
LF:94
LH:93
BRDA:5,0,0,0
BRDA:5,0,1,4
BRDA:5,1,0,4
BRDA:5,1,1,4
BRDA:11,2,0,0
BRDA:11,2,1,4
BRDA:17,3,0,1
BRDA:17,3,1,3
BRDA:33,4,0,4
BRDA:33,4,1,6
BRDA:45,5,0,18
BRDA:45,5,1,4
BRDA:72,6,0,100
BRDA:72,6,1,30
BRDA:73,7,0,6
BRDA:73,7,1,94
BRDA:81,8,0,42
BRDA:81,8,1,12
BRDA:98,9,0,450
BRDA:98,9,1,38
BRF:20
BRH:18
end_of_record
TN:
SF:/home/majortom/repos/gdalClip/src/index.js
FN:5,(anonymous_0)
FNF:1
FNH:1
FNDA:4,(anonymous_0)
DA:1,1
DA:2,1
DA:3,1
DA:5,1
DA:11,4
DA:12,4
DA:13,3
DA:16,3
DA:20,3
DA:23,3
DA:26,1
DA:27,1
DA:28,1
DA:32,1
DA:33,1
DA:34,1
DA:37,1
DA:38,1
DA:39,1
DA:41,0
DA:44,3
DA:50,3
DA:58,3
DA:60,1
DA:64,1
LF:25
LH:24
BRDA:8,0,0,0
BRDA:9,1,0,0
BRDA:23,2,0,0
BRDA:23,2,1,1
BRDA:23,2,2,1
BRDA:23,2,3,1
BRDA:23,2,4,1
BRDA:23,2,5,1
BRDA:23,2,6,0
BRF:9
BRH:5
end_of_record
